<?xml version="1.0" encoding="UTF-8"?>
<!-- Generated by org.testng.reporters.JUnitReportReporter -->
<testsuite hostname="LLOYDEE" failures="0" tests="1" name="testcases.TC_001" time="8.172" errors="0" timestamp="11 Jul 2019 01:27:19 GMT" skipped="0">
  <testcase classname="testcases.TC_001" name="testcase01" time="8.172"/>
</testsuite> <!-- testcases.TC_001 -->
